2026-05-29 15:07:06:76 [32minfo[39m: [32m-------------------------------------------[39m
2026-05-29 15:07:06:76 [32minfo[39m: [32m🚀 Server running on port 3000[39m
2026-05-29 15:07:06:76 [32minfo[39m: [32m📦 Database status: Attempting connection...[39m
2026-05-29 15:07:06:76 [32minfo[39m: [32m🌍 Environment: development[39m
2026-05-29 15:07:06:76 [32minfo[39m: [32m-------------------------------------------[39m
2026-05-29 15:07:22:722 [32minfo[39m: [32m-------------------------------------------[39m
2026-05-29 15:07:22:722 [32minfo[39m: [32m🚀 Server running on port 3000[39m
2026-05-29 15:07:22:722 [32minfo[39m: [32m📦 Database status: Attempting connection...[39m
2026-05-29 15:07:22:722 [32minfo[39m: [32m🌍 Environment: development[39m
2026-05-29 15:07:22:722 [32minfo[39m: [32m-------------------------------------------[39m
2026-05-29 15:07:34:734 [32minfo[39m: [32m-------------------------------------------[39m
2026-05-29 15:07:34:734 [32minfo[39m: [32m🚀 Server running on port 3000[39m
2026-05-29 15:07:34:734 [32minfo[39m: [32m📦 Database status: Attempting connection...[39m
2026-05-29 15:07:34:734 [32minfo[39m: [32m🌍 Environment: development[39m
2026-05-29 15:07:34:734 [32minfo[39m: [32m-------------------------------------------[39m
2026-05-29 15:07:47:747 [32minfo[39m: [32m-------------------------------------------[39m
2026-05-29 15:07:47:747 [32minfo[39m: [32m🚀 Server running on port 3000[39m
2026-05-29 15:07:47:747 [32minfo[39m: [32m📦 Database status: Attempting connection...[39m
2026-05-29 15:07:47:747 [32minfo[39m: [32m🌍 Environment: development[39m
2026-05-29 15:07:47:747 [32minfo[39m: [32m-------------------------------------------[39m
2026-05-29 15:08:02:82 [32minfo[39m: [32m-------------------------------------------[39m
2026-05-29 15:08:02:82 [32minfo[39m: [32m🚀 Server running on port 3000[39m
2026-05-29 15:08:02:82 [32minfo[39m: [32m📦 Database status: Attempting connection...[39m
2026-05-29 15:08:02:82 [32minfo[39m: [32m🌍 Environment: development[39m
2026-05-29 15:08:02:82 [32minfo[39m: [32m-------------------------------------------[39m
2026-05-29 15:08:18:818 [32minfo[39m: [32m-------------------------------------------[39m
2026-05-29 15:08:18:818 [32minfo[39m: [32m🚀 Server running on port 3000[39m
2026-05-29 15:08:18:818 [32minfo[39m: [32m📦 Database status: Attempting connection...[39m
2026-05-29 15:08:18:818 [32minfo[39m: [32m🌍 Environment: development[39m
2026-05-29 15:08:18:818 [32minfo[39m: [32m-------------------------------------------[39m
2026-05-29 15:08:31:831 [32minfo[39m: [32m-------------------------------------------[39m
2026-05-29 15:08:31:831 [32minfo[39m: [32m🚀 Server running on port 3000[39m
2026-05-29 15:08:31:831 [32minfo[39m: [32m📦 Database status: Attempting connection...[39m
2026-05-29 15:08:31:831 [32minfo[39m: [32m🌍 Environment: development[39m
2026-05-29 15:08:31:831 [32minfo[39m: [32m-------------------------------------------[39m
2026-05-29 15:08:58:858 [32minfo[39m: [32m-------------------------------------------[39m
2026-05-29 15:08:58:858 [32minfo[39m: [32m🚀 Server running on port 3000[39m
2026-05-29 15:08:58:858 [32minfo[39m: [32m📦 Database status: Attempting connection...[39m
2026-05-29 15:08:58:858 [32minfo[39m: [32m🌍 Environment: development[39m
2026-05-29 15:08:58:858 [32minfo[39m: [32m-------------------------------------------[39m
2026-05-29 15:08:58:858 [32minfo[39m: [32mDatabase connected successfully[39m
2026-05-29 15:09:09:99 [32minfo[39m: [32m-------------------------------------------[39m
2026-05-29 15:09:09:99 [32minfo[39m: [32m🚀 Server running on port 3000[39m
2026-05-29 15:09:09:99 [32minfo[39m: [32m📦 Database status: Attempting connection...[39m
2026-05-29 15:09:09:99 [32minfo[39m: [32m🌍 Environment: development[39m
2026-05-29 15:09:09:99 [32minfo[39m: [32m-------------------------------------------[39m
2026-05-29 15:09:09:99 [32minfo[39m: [32mDatabase connected successfully[39m
2026-05-29 15:09:33:933 [35mhttp[39m: [35m[0mPOST /api/auth/login [32m200[0m 115.223 ms - 574[0m[39m
